app/build/intermediates/manifest_merge_blame_file/debug/manifest-merger-blame-debug-report.txt
1<?xml version="1.0" encoding="utf-8"?>
2<manifest xmlns:android="http://schemas.android.com/apk/res/android"
3    package="com.example.goitcustomerserviceapp"
4    android:versionCode="1"
5    android:versionName="1.0" >
6
7    <uses-sdk
8        android:minSdkVersion="16"
8-->src/main/AndroidManifest.xml
9        android:targetSdkVersion="29" />
9-->src/main/AndroidManifest.xml
10
11    <uses-permission android:name="android.permission.ACCESS_NETWORK_STATE" />
11-->src/main/AndroidManifest.xml:5:5-78
11-->src/main/AndroidManifest.xml:5:22-76
12    <uses-permission android:name="android.permission.INTERNET" />
12-->src/main/AndroidManifest.xml:6:5-66
12-->src/main/AndroidManifest.xml:6:22-64
13
14    <application
14-->src/main/AndroidManifest.xml:8:5-27:19
15        android:name="com.example.goitcustomerserviceapp.App"
15-->src/main/AndroidManifest.xml:9:9-28
16        android:allowBackup="true"
16-->src/main/AndroidManifest.xml:11:9-35
17        android:appComponentFactory="androidx.core.app.CoreComponentFactory"
17-->[androidx.core:core:1.2.0] AndroidManifest.xml:24:18-86
18        android:debuggable="true"
19        android:icon="@mipmap/ic_launcher"
19-->src/main/AndroidManifest.xml:12:9-43
20        android:label="@string/app_name"
20-->src/main/AndroidManifest.xml:13:9-41
21        android:roundIcon="@mipmap/ic_launcher_round"
21-->src/main/AndroidManifest.xml:14:9-54
22        android:supportsRtl="true"
22-->src/main/AndroidManifest.xml:15:9-35
23        android:testOnly="true"
24        android:theme="@style/AppTheme"
24-->src/main/AndroidManifest.xml:16:9-40
25        android:usesCleartextTraffic="true" >
25-->src/main/AndroidManifest.xml:10:9-44
26        <activity
26-->src/main/AndroidManifest.xml:17:9-26:20
27            android:name="com.example.goitcustomerserviceapp.MainActivity"
27-->src/main/AndroidManifest.xml:18:13-41
28            android:label="@string/app_name"
28-->src/main/AndroidManifest.xml:19:13-45
29            android:theme="@style/AppTheme.NoActionBar" >
29-->src/main/AndroidManifest.xml:20:13-56
30            <intent-filter>
30-->src/main/AndroidManifest.xml:21:13-25:29
31                <action android:name="android.intent.action.MAIN" />
31-->src/main/AndroidManifest.xml:22:17-69
31-->src/main/AndroidManifest.xml:22:25-66
32
33                <category android:name="android.intent.category.LAUNCHER" />
33-->src/main/AndroidManifest.xml:24:17-77
33-->src/main/AndroidManifest.xml:24:27-74
34            </intent-filter>
35        </activity>
36    </application>
37
38</manifest>